[debug] [2021-05-01T13:30:03.996Z] ----------------------------------------------------------------------
[debug] [2021-05-01T13:30:03.998Z] Command:       /usr/local/bin/node /Users/melissaross/.npm-global/bin/firebase deploy
[debug] [2021-05-01T13:30:03.998Z] CLI Version:   9.10.0
[debug] [2021-05-01T13:30:03.998Z] Platform:      darwin
[debug] [2021-05-01T13:30:03.998Z] Node Version:  v12.16.3
[debug] [2021-05-01T13:30:03.999Z] Time:          Sat May 01 2021 08:30:03 GMT-0500 (Central Daylight Time)
[debug] [2021-05-01T13:30:03.999Z] ----------------------------------------------------------------------
[debug] 
[debug] [2021-05-01T13:30:04.012Z] > command requires scopes: ["email","openid","https://www.googleapis.com/auth/cloudplatformprojects.readonly","https://www.googleapis.com/auth/firebase","https://www.googleapis.com/auth/cloud-platform"]
[debug] [2021-05-01T13:30:04.012Z] > authorizing via signed-in user (melissa.daska@gmail.com)
[debug] [2021-05-01T13:30:04.012Z] [iam] checking project project-ideas-social-app-31874 for permissions ["cloudfunctions.functions.create","cloudfunctions.functions.delete","cloudfunctions.functions.get","cloudfunctions.functions.list","cloudfunctions.functions.update","cloudfunctions.operations.get","firebase.projects.get"]
[debug] [2021-05-01T13:30:04.014Z] > refreshing access token with scopes: ["email","https://www.googleapis.com/auth/cloud-platform","https://www.googleapis.com/auth/cloudplatformprojects.readonly","https://www.googleapis.com/auth/firebase","openid"]
[debug] [2021-05-01T13:30:04.014Z] >>> HTTP REQUEST POST https://www.googleapis.com/oauth2/v3/token  
 <request body omitted>
[debug] [2021-05-01T13:30:04.310Z] <<< HTTP RESPONSE 200 {"pragma":"no-cache","expires":"Mon, 01 Jan 1990 00:00:00 GMT","cache-control":"no-cache, no-store, max-age=0, must-revalidate","date":"Sat, 01 May 2021 13:30:04 GMT","content-type":"application/json; charset=utf-8","vary":"X-Origin, Referer, Origin,Accept-Encoding","server":"scaffolding on HTTPServer2","x-xss-protection":"0","x-frame-options":"SAMEORIGIN","x-content-type-options":"nosniff","alt-svc":"h3-29=\":443\"; ma=2592000,h3-T051=\":443\"; ma=2592000,h3-Q050=\":443\"; ma=2592000,h3-Q046=\":443\"; ma=2592000,h3-Q043=\":443\"; ma=2592000,quic=\":443\"; ma=2592000; v=\"46,43\"","accept-ranges":"none","transfer-encoding":"chunked"}
[debug] [2021-05-01T13:30:04.329Z] >>> HTTP REQUEST POST https://cloudresourcemanager.googleapis.com/v1/projects/project-ideas-social-app-31874:testIamPermissions  
 {"permissions":["cloudfunctions.functions.create","cloudfunctions.functions.delete","cloudfunctions.functions.get","cloudfunctions.functions.list","cloudfunctions.functions.update","cloudfunctions.operations.get","firebase.projects.get"]}
[debug] [2021-05-01T13:30:04.572Z] <<< HTTP RESPONSE 200 {"content-type":"application/json; charset=UTF-8","vary":"X-Origin, Referer, Origin,Accept-Encoding","date":"Sat, 01 May 2021 13:30:04 GMT","server":"ESF","cache-control":"private","x-xss-protection":"0","x-frame-options":"SAMEORIGIN","x-content-type-options":"nosniff","server-timing":"gfet4t7; dur=52","alt-svc":"h3-29=\":443\"; ma=2592000,h3-T051=\":443\"; ma=2592000,h3-Q050=\":443\"; ma=2592000,h3-Q046=\":443\"; ma=2592000,h3-Q043=\":443\"; ma=2592000,quic=\":443\"; ma=2592000; v=\"46,43\"","accept-ranges":"none","transfer-encoding":"chunked"}
[debug] [2021-05-01T13:30:04.573Z] >>> HTTP REQUEST POST https://iam.googleapis.com/v1/projects/project-ideas-social-app-31874/serviceAccounts/project-ideas-social-app-31874@appspot.gserviceaccount.com:testIamPermissions  
 {"permissions":["iam.serviceAccounts.actAs"]}
[debug] [2021-05-01T13:30:04.869Z] <<< HTTP RESPONSE 200 {"content-type":"application/json; charset=UTF-8","vary":"X-Origin, Referer, Origin,Accept-Encoding","date":"Sat, 01 May 2021 13:30:04 GMT","server":"ESF","cache-control":"private","x-xss-protection":"0","x-frame-options":"SAMEORIGIN","x-content-type-options":"nosniff","alt-svc":"h3-29=\":443\"; ma=2592000,h3-T051=\":443\"; ma=2592000,h3-Q050=\":443\"; ma=2592000,h3-Q046=\":443\"; ma=2592000,h3-Q043=\":443\"; ma=2592000,quic=\":443\"; ma=2592000; v=\"46,43\"","accept-ranges":"none","transfer-encoding":"chunked"}
[info] 
[info] === Deploying to 'project-ideas-social-app-31874'...
[info] 
[info] i  deploying functions 
[info] i  functions: ensuring required API cloudfunctions.googleapis.com is enabled... 
[info] i  functions: ensuring required API cloudbuild.googleapis.com is enabled... 
[debug] [2021-05-01T13:30:07.560Z] >>> HTTP REQUEST GET https://serviceusage.googleapis.com/v1/projects/project-ideas-social-app-31874/services/cloudfunctions.googleapis.com  
 
[debug] [2021-05-01T13:30:07.561Z] >>> HTTP REQUEST GET https://serviceusage.googleapis.com/v1/projects/project-ideas-social-app-31874/services/runtimeconfig.googleapis.com  
 
[debug] [2021-05-01T13:30:07.561Z] >>> HTTP REQUEST GET https://serviceusage.googleapis.com/v1/projects/project-ideas-social-app-31874/services/cloudbuild.googleapis.com  
 
[debug] [2021-05-01T13:30:08.056Z] <<< HTTP RESPONSE 200 {"content-type":"application/json; charset=UTF-8","vary":"X-Origin, Referer, Origin,Accept-Encoding","date":"Sat, 01 May 2021 13:30:08 GMT","server":"ESF","cache-control":"private","x-xss-protection":"0","x-frame-options":"SAMEORIGIN","x-content-type-options":"nosniff","alt-svc":"h3-29=\":443\"; ma=2592000,h3-T051=\":443\"; ma=2592000,h3-Q050=\":443\"; ma=2592000,h3-Q046=\":443\"; ma=2592000,h3-Q043=\":443\"; ma=2592000,quic=\":443\"; ma=2592000; v=\"46,43\"","accept-ranges":"none","transfer-encoding":"chunked"}
[debug] [2021-05-01T13:30:08.140Z] <<< HTTP RESPONSE 200 {"content-type":"application/json; charset=UTF-8","vary":"X-Origin, Referer, Origin,Accept-Encoding","date":"Sat, 01 May 2021 13:30:08 GMT","server":"ESF","cache-control":"private","x-xss-protection":"0","x-frame-options":"SAMEORIGIN","x-content-type-options":"nosniff","alt-svc":"h3-29=\":443\"; ma=2592000,h3-T051=\":443\"; ma=2592000,h3-Q050=\":443\"; ma=2592000,h3-Q046=\":443\"; ma=2592000,h3-Q043=\":443\"; ma=2592000,quic=\":443\"; ma=2592000; v=\"46,43\"","accept-ranges":"none","transfer-encoding":"chunked"}
[info] ✔  functions: required API cloudbuild.googleapis.com is enabled 
[debug] [2021-05-01T13:30:08.145Z] <<< HTTP RESPONSE 200 {"content-type":"application/json; charset=UTF-8","vary":"X-Origin, Referer, Origin,Accept-Encoding","date":"Sat, 01 May 2021 13:30:08 GMT","server":"ESF","cache-control":"private","x-xss-protection":"0","x-frame-options":"SAMEORIGIN","x-content-type-options":"nosniff","alt-svc":"h3-29=\":443\"; ma=2592000,h3-T051=\":443\"; ma=2592000,h3-Q050=\":443\"; ma=2592000,h3-Q046=\":443\"; ma=2592000,h3-Q043=\":443\"; ma=2592000,quic=\":443\"; ma=2592000; v=\"46,43\"","accept-ranges":"none","transfer-encoding":"chunked"}
[info] ✔  functions: required API cloudfunctions.googleapis.com is enabled 
[debug] [2021-05-01T13:30:08.146Z] >>> HTTP REQUEST GET https://firebase.googleapis.com/v1beta1/projects/project-ideas-social-app-31874/adminSdkConfig  
 
[debug] [2021-05-01T13:30:08.493Z] <<< HTTP RESPONSE 200 {"content-type":"application/json; charset=UTF-8","vary":"X-Origin, Referer, Origin,Accept-Encoding","date":"Sat, 01 May 2021 13:30:08 GMT","server":"ESF","cache-control":"private","x-xss-protection":"0","x-frame-options":"SAMEORIGIN","x-content-type-options":"nosniff","alt-svc":"h3-29=\":443\"; ma=2592000,h3-T051=\":443\"; ma=2592000,h3-Q050=\":443\"; ma=2592000,h3-Q046=\":443\"; ma=2592000,h3-Q043=\":443\"; ma=2592000,quic=\":443\"; ma=2592000; v=\"46,43\"","accept-ranges":"none","transfer-encoding":"chunked"}
[info] i  functions: preparing functions directory for uploading... 
[debug] [2021-05-01T13:30:08.494Z] >>> HTTP REQUEST GET https://runtimeconfig.googleapis.com/v1beta1/projects/project-ideas-social-app-31874/configs  
 
[debug] [2021-05-01T13:30:08.894Z] <<< HTTP RESPONSE 200 {"content-type":"application/json; charset=UTF-8","vary":"X-Origin, Referer, Origin,Accept-Encoding","date":"Sat, 01 May 2021 13:30:08 GMT","server":"ESF","cache-control":"private","x-xss-protection":"0","x-frame-options":"SAMEORIGIN","x-content-type-options":"nosniff","alt-svc":"h3-29=\":443\"; ma=2592000,h3-T051=\":443\"; ma=2592000,h3-Q050=\":443\"; ma=2592000,h3-Q046=\":443\"; ma=2592000,h3-Q043=\":443\"; ma=2592000,quic=\":443\"; ma=2592000; v=\"46,43\"","accept-ranges":"none","transfer-encoding":"chunked"}
[info] i  functions: packaged functions (59.42 KB) for uploading 
[debug] [2021-05-01T13:30:09.707Z] > [functions] package.json contents: {
  "name": "functions",
  "description": "Cloud Functions for Firebase",
  "scripts": {
    "serve": "firebase emulators:start --only functions",
    "shell": "firebase functions:shell",
    "start": "npm run shell",
    "deploy": "firebase deploy --only functions",
    "logs": "firebase functions:log"
  },
  "engines": {
    "node": "12"
  },
  "main": "index.js",
  "dependencies": {
    "busboy": "^0.3.1",
    "express": "^4.17.1",
    "firebase": "^8.3.3",
    "firebase-admin": "^9.2.0",
    "firebase-functions": "^3.11.0"
  },
  "devDependencies": {
    "firebase-functions-test": "^0.2.0"
  },
  "private": true
}
[debug] [2021-05-01T13:30:09.708Z] >>> HTTP REQUEST GET https://cloudfunctions.googleapis.com/v1/projects/project-ideas-social-app-31874/locations/-/functions  
 
[debug] [2021-05-01T13:30:10.368Z] <<< HTTP RESPONSE 200 {"content-type":"application/json; charset=UTF-8","vary":"X-Origin, Referer, Origin,Accept-Encoding","date":"Sat, 01 May 2021 13:30:10 GMT","server":"ESF","cache-control":"private","x-xss-protection":"0","x-frame-options":"SAMEORIGIN","x-content-type-options":"nosniff","alt-svc":"h3-29=\":443\"; ma=2592000,h3-T051=\":443\"; ma=2592000,h3-Q050=\":443\"; ma=2592000,h3-Q046=\":443\"; ma=2592000,h3-Q043=\":443\"; ma=2592000,quic=\":443\"; ma=2592000; v=\"46,43\"","accept-ranges":"none","transfer-encoding":"chunked"}
[debug] [2021-05-01T13:30:10.370Z] >>> HTTP REQUEST POST https://cloudfunctions.googleapis.com/v1/projects/project-ideas-social-app-31874/locations/us-central1/functions:generateUploadUrl  
 
[debug] [2021-05-01T13:30:11.199Z] <<< HTTP RESPONSE 200 {"content-type":"application/json; charset=UTF-8","vary":"X-Origin, Referer, Origin,Accept-Encoding","date":"Sat, 01 May 2021 13:30:11 GMT","server":"ESF","cache-control":"private","x-xss-protection":"0","x-frame-options":"SAMEORIGIN","x-content-type-options":"nosniff","alt-svc":"h3-29=\":443\"; ma=2592000,h3-T051=\":443\"; ma=2592000,h3-Q050=\":443\"; ma=2592000,h3-Q046=\":443\"; ma=2592000,h3-Q043=\":443\"; ma=2592000,quic=\":443\"; ma=2592000; v=\"46,43\"","accept-ranges":"none","transfer-encoding":"chunked"}
[debug] [2021-05-01T13:30:11.200Z] >>> HTTP REQUEST PUT https://storage.googleapis.com/gcf-upload-us-central1-4a9109b7-a6bc-475c-b43d-92c88fa14757/f982bcd1-5215-4fe1-885b-ca5da3fd1724.zip?GoogleAccessId=service-547801553785@gcf-admin-robot.iam.gserviceaccount.com&Expires=1619877611&Signature=Krts%2F06aX1bi9Dlyk%2FFc9KFUyapPa1l1ppc14bWeKHC5R8Fa8OWs1vlFikB7eNI3%2Ba3WTryNAXpyftvJxfcskwcVt4Ld5fSyEY%2FUaYESSEfY1dVZqPnCYy43GfkQQMSq3ozNeZVlui9pM%2B0pS87IxzWGSUDucE7Brgek2hEdg1m%2BquMe9ybIN7o53fouWEgUhO6UTuOF%2Bbk9PgoM%2F58eMFDTFlR7J3ruyZQo2kPAE7kkQRJTe5rwhkZVfTqG9a%2Bz6ARvWhjAvK8DXpRd0TO70q7Qjhlo8OV3x5ZWwwbB5F%2Bdf9BxfXT9uLCWh1fIdS9HJqouLvd%2BKs8vse7q5rk0Ng%3D%3D  
 <request body omitted>
[debug] [2021-05-01T13:30:11.691Z] <<< HTTP RESPONSE 200 {"x-guploader-uploadid":"ABg5-UyEPcabWI9DPFsWzE0Ya6RAt5f8QxjjvSpa9j93HOGoaEqP3uXy79h3hDHXldhQ2VcN6rYnF0oNFHC2L-Psm00","etag":"\"678dc270e9cc3034ce9b8ca6366008a8\"","x-goog-generation":"1619875811647442","x-goog-metageneration":"1","x-goog-hash":"crc32c=gBg5Jw==, md5=Z43CcOnMMDTOm4ymNmAIqA==","x-goog-stored-content-length":"60846","x-goog-stored-content-encoding":"identity","vary":"Origin","content-length":"0","date":"Sat, 01 May 2021 13:30:11 GMT","server":"UploadServer","content-type":"text/html; charset=UTF-8","alt-svc":"h3-29=\":443\"; ma=2592000,h3-T051=\":443\"; ma=2592000,h3-Q050=\":443\"; ma=2592000,h3-Q046=\":443\"; ma=2592000,h3-Q043=\":443\"; ma=2592000,quic=\":443\"; ma=2592000; v=\"46,43\""}
[info] ✔  functions: functions folder uploaded successfully 
[info] 
The following functions are found in your project but do not exist in your local source code:
	deleteNotificationOnUnlike(us-central1)

If you are renaming a function or changing its region, it is recommended that you create the new function first before deleting the old one to prevent event loss. For more info, visit https://firebase.google.com/docs/functions/manage-functions#modify

[info] i  functions: deleting function deleteNotificationOnUnlike(us-central1)... 
[info] i  functions: updating Node.js 12 function api(us-central1)... 
[debug] [2021-05-01T13:30:17.960Z] >>> HTTP REQUEST DELETE https://cloudfunctions.googleapis.com/v1/projects/project-ideas-social-app-31874/locations/us-central1/functions/deleteNotificationOnUnlike  
 
[debug] [2021-05-01T13:30:17.961Z] >>> HTTP REQUEST PATCH https://cloudfunctions.googleapis.com/v1/projects/project-ideas-social-app-31874/locations/us-central1/functions/api {"updateMask":"sourceUploadUrl,name,labels,runtime,environmentVariables,httpsTrigger"} 
 {"sourceUploadUrl":"https://storage.googleapis.com/gcf-upload-us-central1-4a9109b7-a6bc-475c-b43d-92c88fa14757/f982bcd1-5215-4fe1-885b-ca5da3fd1724.zip?GoogleAccessId=service-547801553785@gcf-admin-robot.iam.gserviceaccount.com&Expires=1619877611&Signature=Krts%2F06aX1bi9Dlyk%2FFc9KFUyapPa1l1ppc14bWeKHC5R8Fa8OWs1vlFikB7eNI3%2Ba3WTryNAXpyftvJxfcskwcVt4Ld5fSyEY%2FUaYESSEfY1dVZqPnCYy43GfkQQMSq3ozNeZVlui9pM%2B0pS87IxzWGSUDucE7Brgek2hEdg1m%2BquMe9ybIN7o53fouWEgUhO6UTuOF%2Bbk9PgoM%2F58eMFDTFlR7J3ruyZQo2kPAE7kkQRJTe5rwhkZVfTqG9a%2Bz6ARvWhjAvK8DXpRd0TO70q7Qjhlo8OV3x5ZWwwbB5F%2Bdf9BxfXT9uLCWh1fIdS9HJqouLvd%2BKs8vse7q5rk0Ng%3D%3D","name":"projects/project-ideas-social-app-31874/locations/us-central1/functions/api","labels":{"deployment-tool":"cli-firebase"},"httpsTrigger":{},"runtime":"nodejs12","environmentVariables":{"FIREBASE_CONFIG":"{\"projectId\":\"project-ideas-social-app-31874\",\"storageBucket\":\"project-ideas-social-app-31874.appspot.com\",\"locationId\":\"us-central\"}"}}
[debug] [2021-05-01T13:30:18.508Z] <<< HTTP RESPONSE 200 {"content-type":"application/json; charset=UTF-8","vary":"X-Origin, Referer, Origin,Accept-Encoding","date":"Sat, 01 May 2021 13:30:18 GMT","server":"ESF","cache-control":"private","x-xss-protection":"0","x-frame-options":"SAMEORIGIN","x-content-type-options":"nosniff","alt-svc":"h3-29=\":443\"; ma=2592000,h3-T051=\":443\"; ma=2592000,h3-Q050=\":443\"; ma=2592000,h3-Q046=\":443\"; ma=2592000,h3-Q043=\":443\"; ma=2592000,quic=\":443\"; ma=2592000; v=\"46,43\"","accept-ranges":"none","transfer-encoding":"chunked"}
[debug] [2021-05-01T13:30:18.510Z] > refreshing access token with scopes: []
[debug] [2021-05-01T13:30:18.510Z] >>> HTTP REQUEST POST https://www.googleapis.com/oauth2/v3/token  
 <request body omitted>
[debug] [2021-05-01T13:30:18.513Z] <<< HTTP RESPONSE 200 {"content-type":"application/json; charset=UTF-8","vary":"X-Origin, Referer, Origin,Accept-Encoding","date":"Sat, 01 May 2021 13:30:18 GMT","server":"ESF","cache-control":"private","x-xss-protection":"0","x-frame-options":"SAMEORIGIN","x-content-type-options":"nosniff","alt-svc":"h3-29=\":443\"; ma=2592000,h3-T051=\":443\"; ma=2592000,h3-Q050=\":443\"; ma=2592000,h3-Q046=\":443\"; ma=2592000,h3-Q043=\":443\"; ma=2592000,quic=\":443\"; ma=2592000; v=\"46,43\"","accept-ranges":"none","transfer-encoding":"chunked"}
[debug] [2021-05-01T13:30:18.514Z] > refreshing access token with scopes: []
[debug] [2021-05-01T13:30:18.514Z] >>> HTTP REQUEST POST https://www.googleapis.com/oauth2/v3/token  
 <request body omitted>
[debug] [2021-05-01T13:30:18.689Z] <<< HTTP RESPONSE 200 {"date":"Sat, 01 May 2021 13:30:18 GMT","expires":"Mon, 01 Jan 1990 00:00:00 GMT","cache-control":"no-cache, no-store, max-age=0, must-revalidate","pragma":"no-cache","content-type":"application/json; charset=utf-8","vary":"X-Origin, Referer, Origin,Accept-Encoding","server":"scaffolding on HTTPServer2","x-xss-protection":"0","x-frame-options":"SAMEORIGIN","x-content-type-options":"nosniff","alt-svc":"h3-29=\":443\"; ma=2592000,h3-T051=\":443\"; ma=2592000,h3-Q050=\":443\"; ma=2592000,h3-Q046=\":443\"; ma=2592000,h3-Q043=\":443\"; ma=2592000,quic=\":443\"; ma=2592000; v=\"46,43\"","accept-ranges":"none","transfer-encoding":"chunked"}
[debug] [2021-05-01T13:30:18.707Z] >>> [apiv2][query] GET https://cloudfunctions.googleapis.com/v1/operations/cHJvamVjdC1pZGVhcy1zb2NpYWwtYXBwLTMxODc0L3VzLWNlbnRyYWwxL2FwaS9ZUml6N3h6aVF3MA [none]
[debug] [2021-05-01T13:30:18.710Z] <<< HTTP RESPONSE 200 {"pragma":"no-cache","cache-control":"no-cache, no-store, max-age=0, must-revalidate","expires":"Mon, 01 Jan 1990 00:00:00 GMT","date":"Sat, 01 May 2021 13:30:18 GMT","content-type":"application/json; charset=utf-8","vary":"X-Origin, Referer, Origin,Accept-Encoding","server":"scaffolding on HTTPServer2","x-xss-protection":"0","x-frame-options":"SAMEORIGIN","x-content-type-options":"nosniff","alt-svc":"h3-29=\":443\"; ma=2592000,h3-T051=\":443\"; ma=2592000,h3-Q050=\":443\"; ma=2592000,h3-Q046=\":443\"; ma=2592000,h3-Q043=\":443\"; ma=2592000,quic=\":443\"; ma=2592000; v=\"46,43\"","accept-ranges":"none","transfer-encoding":"chunked"}
[debug] [2021-05-01T13:30:18.725Z] >>> [apiv2][query] GET https://cloudfunctions.googleapis.com/v1/operations/cHJvamVjdC1pZGVhcy1zb2NpYWwtYXBwLTMxODc0L3VzLWNlbnRyYWwxL2RlbGV0ZU5vdGlmaWNhdGlvbk9uVW5saWtlL2ZsVVppTG5yZGdn [none]
[debug] [2021-05-01T13:30:19.055Z] <<< [apiv2][status] GET https://cloudfunctions.googleapis.com/v1/operations/cHJvamVjdC1pZGVhcy1zb2NpYWwtYXBwLTMxODc0L3VzLWNlbnRyYWwxL2RlbGV0ZU5vdGlmaWNhdGlvbk9uVW5saWtlL2ZsVVppTG5yZGdn 200
[debug] [2021-05-01T13:30:19.055Z] <<< [apiv2][body] GET https://cloudfunctions.googleapis.com/v1/operations/cHJvamVjdC1pZGVhcy1zb2NpYWwtYXBwLTMxODc0L3VzLWNlbnRyYWwxL2RlbGV0ZU5vdGlmaWNhdGlvbk9uVW5saWtlL2ZsVVppTG5yZGdn {"name":"operations/cHJvamVjdC1pZGVhcy1zb2NpYWwtYXBwLTMxODc0L3VzLWNlbnRyYWwxL2RlbGV0ZU5vdGlmaWNhdGlvbk9uVW5saWtlL2ZsVVppTG5yZGdn","metadata":{"@type":"type.googleapis.com/google.cloud.functions.v1.OperationMetadataV1","target":"projects/project-ideas-social-app-31874/locations/us-central1/functions/deleteNotificationOnUnlike","type":"DELETE_FUNCTION","request":{"@type":"type.googleapis.com/google.protobuf.Empty"},"updateTime":"2021-05-01T13:30:18Z"}}
[debug] [2021-05-01T13:30:19.056Z] <<< [apiv2][status] GET https://cloudfunctions.googleapis.com/v1/operations/cHJvamVjdC1pZGVhcy1zb2NpYWwtYXBwLTMxODc0L3VzLWNlbnRyYWwxL2FwaS9ZUml6N3h6aVF3MA 200
[debug] [2021-05-01T13:30:19.056Z] <<< [apiv2][body] GET https://cloudfunctions.googleapis.com/v1/operations/cHJvamVjdC1pZGVhcy1zb2NpYWwtYXBwLTMxODc0L3VzLWNlbnRyYWwxL2FwaS9ZUml6N3h6aVF3MA {"name":"operations/cHJvamVjdC1pZGVhcy1zb2NpYWwtYXBwLTMxODc0L3VzLWNlbnRyYWwxL2FwaS9ZUml6N3h6aVF3MA","metadata":{"@type":"type.googleapis.com/google.cloud.functions.v1.OperationMetadataV1","target":"projects/project-ideas-social-app-31874/locations/us-central1/functions/api","type":"UPDATE_FUNCTION","request":{"@type":"type.googleapis.com/google.cloud.functions.v1.CloudFunction","name":"projects/project-ideas-social-app-31874/locations/us-central1/functions/api","httpsTrigger":{},"status":"ACTIVE","entryPoint":"api","timeout":"60s","availableMemoryMb":256,"serviceAccountEmail":"project-ideas-social-app-31874@appspot.gserviceaccount.com","updateTime":"2021-04-20T01:20:42.090Z","versionId":"3","labels":{"deployment-tool":"cli-firebase"},"sourceUploadUrl":"https://storage.googleapis.com/gcf-upload-us-central1-4a9109b7-a6bc-475c-b43d-92c88fa14757/f982bcd1-5215-4fe1-885b-ca5da3fd1724.zip?GoogleAccessId=service-547801553785@gcf-admin-robot.iam.gserviceaccount.com&Expires=1619877611&Signature=Krts%2F06aX1bi9Dlyk%2FFc9KFUyapPa1l1ppc14bWeKHC5R8Fa8OWs1vlFikB7eNI3%2Ba3WTryNAXpyftvJxfcskwcVt4Ld5fSyEY%2FUaYESSEfY1dVZqPnCYy43GfkQQMSq3ozNeZVlui9pM%2B0pS87IxzWGSUDucE7Brgek2hEdg1m%2BquMe9ybIN7o53fouWEgUhO6UTuOF%2Bbk9PgoM%2F58eMFDTFlR7J3ruyZQo2kPAE7kkQRJTe5rwhkZVfTqG9a%2Bz6ARvWhjAvK8DXpRd0TO70q7Qjhlo8OV3x5ZWwwbB5F%2Bdf9BxfXT9uLCWh1fIdS9HJqouLvd%2BKs8vse7q5rk0Ng%3D%3D","environmentVariables":{"FIREBASE_CONFIG":"{\"projectId\":\"project-ideas-social-app-31874\",\"storageBucket\":\"project-ideas-social-app-31874.appspot.com\",\"locationId\":\"us-central\"}"},"runtime":"nodejs12","ingressSettings":"ALLOW_ALL","buildId":"78b38727-0ede-4036-9a34-80aded4197c1"},"versionId":"4","updateTime":"2021-05-01T13:30:18Z"}}
[debug] [2021-05-01T13:30:19.558Z] [delete-projects/project-ideas-social-app-31874/locations/us-central1/functions/deleteNotificationOnUnlike] Retrying task index 0
[debug] [2021-05-01T13:30:19.558Z] >>> [apiv2][query] GET https://cloudfunctions.googleapis.com/v1/operations/cHJvamVjdC1pZGVhcy1zb2NpYWwtYXBwLTMxODc0L3VzLWNlbnRyYWwxL2RlbGV0ZU5vdGlmaWNhdGlvbk9uVW5saWtlL2ZsVVppTG5yZGdn [none]
[debug] [2021-05-01T13:30:19.560Z] [update-projects/project-ideas-social-app-31874/locations/us-central1/functions/api] Retrying task index 0
[debug] [2021-05-01T13:30:19.560Z] >>> [apiv2][query] GET https://cloudfunctions.googleapis.com/v1/operations/cHJvamVjdC1pZGVhcy1zb2NpYWwtYXBwLTMxODc0L3VzLWNlbnRyYWwxL2FwaS9ZUml6N3h6aVF3MA [none]
[debug] [2021-05-01T13:30:19.874Z] <<< [apiv2][status] GET https://cloudfunctions.googleapis.com/v1/operations/cHJvamVjdC1pZGVhcy1zb2NpYWwtYXBwLTMxODc0L3VzLWNlbnRyYWwxL2RlbGV0ZU5vdGlmaWNhdGlvbk9uVW5saWtlL2ZsVVppTG5yZGdn 200
[debug] [2021-05-01T13:30:19.874Z] <<< [apiv2][body] GET https://cloudfunctions.googleapis.com/v1/operations/cHJvamVjdC1pZGVhcy1zb2NpYWwtYXBwLTMxODc0L3VzLWNlbnRyYWwxL2RlbGV0ZU5vdGlmaWNhdGlvbk9uVW5saWtlL2ZsVVppTG5yZGdn {"name":"operations/cHJvamVjdC1pZGVhcy1zb2NpYWwtYXBwLTMxODc0L3VzLWNlbnRyYWwxL2RlbGV0ZU5vdGlmaWNhdGlvbk9uVW5saWtlL2ZsVVppTG5yZGdn","metadata":{"@type":"type.googleapis.com/google.cloud.functions.v1.OperationMetadataV1","target":"projects/project-ideas-social-app-31874/locations/us-central1/functions/deleteNotificationOnUnlike","type":"DELETE_FUNCTION","request":{"@type":"type.googleapis.com/google.protobuf.Empty"},"updateTime":"2021-05-01T13:30:18Z"}}
[debug] [2021-05-01T13:30:19.909Z] <<< [apiv2][status] GET https://cloudfunctions.googleapis.com/v1/operations/cHJvamVjdC1pZGVhcy1zb2NpYWwtYXBwLTMxODc0L3VzLWNlbnRyYWwxL2FwaS9ZUml6N3h6aVF3MA 200
[debug] [2021-05-01T13:30:19.909Z] <<< [apiv2][body] GET https://cloudfunctions.googleapis.com/v1/operations/cHJvamVjdC1pZGVhcy1zb2NpYWwtYXBwLTMxODc0L3VzLWNlbnRyYWwxL2FwaS9ZUml6N3h6aVF3MA {"name":"operations/cHJvamVjdC1pZGVhcy1zb2NpYWwtYXBwLTMxODc0L3VzLWNlbnRyYWwxL2FwaS9ZUml6N3h6aVF3MA","metadata":{"@type":"type.googleapis.com/google.cloud.functions.v1.OperationMetadataV1","target":"projects/project-ideas-social-app-31874/locations/us-central1/functions/api","type":"UPDATE_FUNCTION","request":{"@type":"type.googleapis.com/google.cloud.functions.v1.CloudFunction","name":"projects/project-ideas-social-app-31874/locations/us-central1/functions/api","httpsTrigger":{},"status":"ACTIVE","entryPoint":"api","timeout":"60s","availableMemoryMb":256,"serviceAccountEmail":"project-ideas-social-app-31874@appspot.gserviceaccount.com","updateTime":"2021-04-20T01:20:42.090Z","versionId":"3","labels":{"deployment-tool":"cli-firebase"},"sourceUploadUrl":"https://storage.googleapis.com/gcf-upload-us-central1-4a9109b7-a6bc-475c-b43d-92c88fa14757/f982bcd1-5215-4fe1-885b-ca5da3fd1724.zip?GoogleAccessId=service-547801553785@gcf-admin-robot.iam.gserviceaccount.com&Expires=1619877611&Signature=Krts%2F06aX1bi9Dlyk%2FFc9KFUyapPa1l1ppc14bWeKHC5R8Fa8OWs1vlFikB7eNI3%2Ba3WTryNAXpyftvJxfcskwcVt4Ld5fSyEY%2FUaYESSEfY1dVZqPnCYy43GfkQQMSq3ozNeZVlui9pM%2B0pS87IxzWGSUDucE7Brgek2hEdg1m%2BquMe9ybIN7o53fouWEgUhO6UTuOF%2Bbk9PgoM%2F58eMFDTFlR7J3ruyZQo2kPAE7kkQRJTe5rwhkZVfTqG9a%2Bz6ARvWhjAvK8DXpRd0TO70q7Qjhlo8OV3x5ZWwwbB5F%2Bdf9BxfXT9uLCWh1fIdS9HJqouLvd%2BKs8vse7q5rk0Ng%3D%3D","environmentVariables":{"FIREBASE_CONFIG":"{\"projectId\":\"project-ideas-social-app-31874\",\"storageBucket\":\"project-ideas-social-app-31874.appspot.com\",\"locationId\":\"us-central\"}"},"runtime":"nodejs12","ingressSettings":"ALLOW_ALL","buildId":"78b38727-0ede-4036-9a34-80aded4197c1"},"versionId":"4","updateTime":"2021-05-01T13:30:18Z"}}
[debug] [2021-05-01T13:30:20.875Z] [delete-projects/project-ideas-social-app-31874/locations/us-central1/functions/deleteNotificationOnUnlike] Retrying task index 0
[debug] [2021-05-01T13:30:20.875Z] >>> [apiv2][query] GET https://cloudfunctions.googleapis.com/v1/operations/cHJvamVjdC1pZGVhcy1zb2NpYWwtYXBwLTMxODc0L3VzLWNlbnRyYWwxL2RlbGV0ZU5vdGlmaWNhdGlvbk9uVW5saWtlL2ZsVVppTG5yZGdn [none]
[debug] [2021-05-01T13:30:20.913Z] [update-projects/project-ideas-social-app-31874/locations/us-central1/functions/api] Retrying task index 0
[debug] [2021-05-01T13:30:20.914Z] >>> [apiv2][query] GET https://cloudfunctions.googleapis.com/v1/operations/cHJvamVjdC1pZGVhcy1zb2NpYWwtYXBwLTMxODc0L3VzLWNlbnRyYWwxL2FwaS9ZUml6N3h6aVF3MA [none]
[debug] [2021-05-01T13:30:21.190Z] <<< [apiv2][status] GET https://cloudfunctions.googleapis.com/v1/operations/cHJvamVjdC1pZGVhcy1zb2NpYWwtYXBwLTMxODc0L3VzLWNlbnRyYWwxL2RlbGV0ZU5vdGlmaWNhdGlvbk9uVW5saWtlL2ZsVVppTG5yZGdn 200
[debug] [2021-05-01T13:30:21.190Z] <<< [apiv2][body] GET https://cloudfunctions.googleapis.com/v1/operations/cHJvamVjdC1pZGVhcy1zb2NpYWwtYXBwLTMxODc0L3VzLWNlbnRyYWwxL2RlbGV0ZU5vdGlmaWNhdGlvbk9uVW5saWtlL2ZsVVppTG5yZGdn {"name":"operations/cHJvamVjdC1pZGVhcy1zb2NpYWwtYXBwLTMxODc0L3VzLWNlbnRyYWwxL2RlbGV0ZU5vdGlmaWNhdGlvbk9uVW5saWtlL2ZsVVppTG5yZGdn","metadata":{"@type":"type.googleapis.com/google.cloud.functions.v1.OperationMetadataV1","target":"projects/project-ideas-social-app-31874/locations/us-central1/functions/deleteNotificationOnUnlike","type":"DELETE_FUNCTION","request":{"@type":"type.googleapis.com/google.protobuf.Empty"},"updateTime":"2021-05-01T13:30:20Z"},"done":true,"response":{"@type":"type.googleapis.com/google.protobuf.Empty"}}
[info] ✔  functions[deleteNotificationOnUnlike(us-central1)]: Successful delete operation.  
[debug] [2021-05-01T13:30:21.243Z] <<< [apiv2][status] GET https://cloudfunctions.googleapis.com/v1/operations/cHJvamVjdC1pZGVhcy1zb2NpYWwtYXBwLTMxODc0L3VzLWNlbnRyYWwxL2FwaS9ZUml6N3h6aVF3MA 200
[debug] [2021-05-01T13:30:21.243Z] <<< [apiv2][body] GET https://cloudfunctions.googleapis.com/v1/operations/cHJvamVjdC1pZGVhcy1zb2NpYWwtYXBwLTMxODc0L3VzLWNlbnRyYWwxL2FwaS9ZUml6N3h6aVF3MA {"name":"operations/cHJvamVjdC1pZGVhcy1zb2NpYWwtYXBwLTMxODc0L3VzLWNlbnRyYWwxL2FwaS9ZUml6N3h6aVF3MA","metadata":{"@type":"type.googleapis.com/google.cloud.functions.v1.OperationMetadataV1","target":"projects/project-ideas-social-app-31874/locations/us-central1/functions/api","type":"UPDATE_FUNCTION","request":{"@type":"type.googleapis.com/google.cloud.functions.v1.CloudFunction","name":"projects/project-ideas-social-app-31874/locations/us-central1/functions/api","httpsTrigger":{},"status":"ACTIVE","entryPoint":"api","timeout":"60s","availableMemoryMb":256,"serviceAccountEmail":"project-ideas-social-app-31874@appspot.gserviceaccount.com","updateTime":"2021-04-20T01:20:42.090Z","versionId":"3","labels":{"deployment-tool":"cli-firebase"},"sourceUploadUrl":"https://storage.googleapis.com/gcf-upload-us-central1-4a9109b7-a6bc-475c-b43d-92c88fa14757/f982bcd1-5215-4fe1-885b-ca5da3fd1724.zip?GoogleAccessId=service-547801553785@gcf-admin-robot.iam.gserviceaccount.com&Expires=1619877611&Signature=Krts%2F06aX1bi9Dlyk%2FFc9KFUyapPa1l1ppc14bWeKHC5R8Fa8OWs1vlFikB7eNI3%2Ba3WTryNAXpyftvJxfcskwcVt4Ld5fSyEY%2FUaYESSEfY1dVZqPnCYy43GfkQQMSq3ozNeZVlui9pM%2B0pS87IxzWGSUDucE7Brgek2hEdg1m%2BquMe9ybIN7o53fouWEgUhO6UTuOF%2Bbk9PgoM%2F58eMFDTFlR7J3ruyZQo2kPAE7kkQRJTe5rwhkZVfTqG9a%2Bz6ARvWhjAvK8DXpRd0TO70q7Qjhlo8OV3x5ZWwwbB5F%2Bdf9BxfXT9uLCWh1fIdS9HJqouLvd%2BKs8vse7q5rk0Ng%3D%3D","environmentVariables":{"FIREBASE_CONFIG":"{\"projectId\":\"project-ideas-social-app-31874\",\"storageBucket\":\"project-ideas-social-app-31874.appspot.com\",\"locationId\":\"us-central\"}"},"runtime":"nodejs12","ingressSettings":"ALLOW_ALL","buildId":"78b38727-0ede-4036-9a34-80aded4197c1"},"versionId":"4","updateTime":"2021-05-01T13:30:18Z","buildId":"058c5aaa-cbbe-4e65-bbdf-7a4f02b0ac33"}}
[debug] [2021-05-01T13:30:23.247Z] [update-projects/project-ideas-social-app-31874/locations/us-central1/functions/api] Retrying task index 0
[debug] [2021-05-01T13:30:23.248Z] >>> [apiv2][query] GET https://cloudfunctions.googleapis.com/v1/operations/cHJvamVjdC1pZGVhcy1zb2NpYWwtYXBwLTMxODc0L3VzLWNlbnRyYWwxL2FwaS9ZUml6N3h6aVF3MA [none]
[debug] [2021-05-01T13:30:23.566Z] <<< [apiv2][status] GET https://cloudfunctions.googleapis.com/v1/operations/cHJvamVjdC1pZGVhcy1zb2NpYWwtYXBwLTMxODc0L3VzLWNlbnRyYWwxL2FwaS9ZUml6N3h6aVF3MA 200
[debug] [2021-05-01T13:30:23.567Z] <<< [apiv2][body] GET https://cloudfunctions.googleapis.com/v1/operations/cHJvamVjdC1pZGVhcy1zb2NpYWwtYXBwLTMxODc0L3VzLWNlbnRyYWwxL2FwaS9ZUml6N3h6aVF3MA {"name":"operations/cHJvamVjdC1pZGVhcy1zb2NpYWwtYXBwLTMxODc0L3VzLWNlbnRyYWwxL2FwaS9ZUml6N3h6aVF3MA","metadata":{"@type":"type.googleapis.com/google.cloud.functions.v1.OperationMetadataV1","target":"projects/project-ideas-social-app-31874/locations/us-central1/functions/api","type":"UPDATE_FUNCTION","request":{"@type":"type.googleapis.com/google.cloud.functions.v1.CloudFunction","name":"projects/project-ideas-social-app-31874/locations/us-central1/functions/api","httpsTrigger":{},"status":"ACTIVE","entryPoint":"api","timeout":"60s","availableMemoryMb":256,"serviceAccountEmail":"project-ideas-social-app-31874@appspot.gserviceaccount.com","updateTime":"2021-04-20T01:20:42.090Z","versionId":"3","labels":{"deployment-tool":"cli-firebase"},"sourceUploadUrl":"https://storage.googleapis.com/gcf-upload-us-central1-4a9109b7-a6bc-475c-b43d-92c88fa14757/f982bcd1-5215-4fe1-885b-ca5da3fd1724.zip?GoogleAccessId=service-547801553785@gcf-admin-robot.iam.gserviceaccount.com&Expires=1619877611&Signature=Krts%2F06aX1bi9Dlyk%2FFc9KFUyapPa1l1ppc14bWeKHC5R8Fa8OWs1vlFikB7eNI3%2Ba3WTryNAXpyftvJxfcskwcVt4Ld5fSyEY%2FUaYESSEfY1dVZqPnCYy43GfkQQMSq3ozNeZVlui9pM%2B0pS87IxzWGSUDucE7Brgek2hEdg1m%2BquMe9ybIN7o53fouWEgUhO6UTuOF%2Bbk9PgoM%2F58eMFDTFlR7J3ruyZQo2kPAE7kkQRJTe5rwhkZVfTqG9a%2Bz6ARvWhjAvK8DXpRd0TO70q7Qjhlo8OV3x5ZWwwbB5F%2Bdf9BxfXT9uLCWh1fIdS9HJqouLvd%2BKs8vse7q5rk0Ng%3D%3D","environmentVariables":{"FIREBASE_CONFIG":"{\"projectId\":\"project-ideas-social-app-31874\",\"storageBucket\":\"project-ideas-social-app-31874.appspot.com\",\"locationId\":\"us-central\"}"},"runtime":"nodejs12","ingressSettings":"ALLOW_ALL","buildId":"78b38727-0ede-4036-9a34-80aded4197c1"},"versionId":"4","updateTime":"2021-05-01T13:30:18Z","buildId":"058c5aaa-cbbe-4e65-bbdf-7a4f02b0ac33"}}
[debug] [2021-05-01T13:30:27.568Z] [update-projects/project-ideas-social-app-31874/locations/us-central1/functions/api] Retrying task index 0
[debug] [2021-05-01T13:30:27.569Z] >>> [apiv2][query] GET https://cloudfunctions.googleapis.com/v1/operations/cHJvamVjdC1pZGVhcy1zb2NpYWwtYXBwLTMxODc0L3VzLWNlbnRyYWwxL2FwaS9ZUml6N3h6aVF3MA [none]
[debug] [2021-05-01T13:30:27.879Z] <<< [apiv2][status] GET https://cloudfunctions.googleapis.com/v1/operations/cHJvamVjdC1pZGVhcy1zb2NpYWwtYXBwLTMxODc0L3VzLWNlbnRyYWwxL2FwaS9ZUml6N3h6aVF3MA 200
[debug] [2021-05-01T13:30:27.879Z] <<< [apiv2][body] GET https://cloudfunctions.googleapis.com/v1/operations/cHJvamVjdC1pZGVhcy1zb2NpYWwtYXBwLTMxODc0L3VzLWNlbnRyYWwxL2FwaS9ZUml6N3h6aVF3MA {"name":"operations/cHJvamVjdC1pZGVhcy1zb2NpYWwtYXBwLTMxODc0L3VzLWNlbnRyYWwxL2FwaS9ZUml6N3h6aVF3MA","metadata":{"@type":"type.googleapis.com/google.cloud.functions.v1.OperationMetadataV1","target":"projects/project-ideas-social-app-31874/locations/us-central1/functions/api","type":"UPDATE_FUNCTION","request":{"@type":"type.googleapis.com/google.cloud.functions.v1.CloudFunction","name":"projects/project-ideas-social-app-31874/locations/us-central1/functions/api","httpsTrigger":{},"status":"ACTIVE","entryPoint":"api","timeout":"60s","availableMemoryMb":256,"serviceAccountEmail":"project-ideas-social-app-31874@appspot.gserviceaccount.com","updateTime":"2021-04-20T01:20:42.090Z","versionId":"3","labels":{"deployment-tool":"cli-firebase"},"sourceUploadUrl":"https://storage.googleapis.com/gcf-upload-us-central1-4a9109b7-a6bc-475c-b43d-92c88fa14757/f982bcd1-5215-4fe1-885b-ca5da3fd1724.zip?GoogleAccessId=service-547801553785@gcf-admin-robot.iam.gserviceaccount.com&Expires=1619877611&Signature=Krts%2F06aX1bi9Dlyk%2FFc9KFUyapPa1l1ppc14bWeKHC5R8Fa8OWs1vlFikB7eNI3%2Ba3WTryNAXpyftvJxfcskwcVt4Ld5fSyEY%2FUaYESSEfY1dVZqPnCYy43GfkQQMSq3ozNeZVlui9pM%2B0pS87IxzWGSUDucE7Brgek2hEdg1m%2BquMe9ybIN7o53fouWEgUhO6UTuOF%2Bbk9PgoM%2F58eMFDTFlR7J3ruyZQo2kPAE7kkQRJTe5rwhkZVfTqG9a%2Bz6ARvWhjAvK8DXpRd0TO70q7Qjhlo8OV3x5ZWwwbB5F%2Bdf9BxfXT9uLCWh1fIdS9HJqouLvd%2BKs8vse7q5rk0Ng%3D%3D","environmentVariables":{"FIREBASE_CONFIG":"{\"projectId\":\"project-ideas-social-app-31874\",\"storageBucket\":\"project-ideas-social-app-31874.appspot.com\",\"locationId\":\"us-central\"}"},"runtime":"nodejs12","ingressSettings":"ALLOW_ALL","buildId":"78b38727-0ede-4036-9a34-80aded4197c1"},"versionId":"4","updateTime":"2021-05-01T13:30:18Z","buildId":"058c5aaa-cbbe-4e65-bbdf-7a4f02b0ac33"}}
[debug] [2021-05-01T13:30:35.885Z] [update-projects/project-ideas-social-app-31874/locations/us-central1/functions/api] Retrying task index 0
[debug] [2021-05-01T13:30:35.886Z] >>> [apiv2][query] GET https://cloudfunctions.googleapis.com/v1/operations/cHJvamVjdC1pZGVhcy1zb2NpYWwtYXBwLTMxODc0L3VzLWNlbnRyYWwxL2FwaS9ZUml6N3h6aVF3MA [none]
[debug] [2021-05-01T13:30:36.199Z] <<< [apiv2][status] GET https://cloudfunctions.googleapis.com/v1/operations/cHJvamVjdC1pZGVhcy1zb2NpYWwtYXBwLTMxODc0L3VzLWNlbnRyYWwxL2FwaS9ZUml6N3h6aVF3MA 200
[debug] [2021-05-01T13:30:36.199Z] <<< [apiv2][body] GET https://cloudfunctions.googleapis.com/v1/operations/cHJvamVjdC1pZGVhcy1zb2NpYWwtYXBwLTMxODc0L3VzLWNlbnRyYWwxL2FwaS9ZUml6N3h6aVF3MA {"name":"operations/cHJvamVjdC1pZGVhcy1zb2NpYWwtYXBwLTMxODc0L3VzLWNlbnRyYWwxL2FwaS9ZUml6N3h6aVF3MA","metadata":{"@type":"type.googleapis.com/google.cloud.functions.v1.OperationMetadataV1","target":"projects/project-ideas-social-app-31874/locations/us-central1/functions/api","type":"UPDATE_FUNCTION","request":{"@type":"type.googleapis.com/google.cloud.functions.v1.CloudFunction","name":"projects/project-ideas-social-app-31874/locations/us-central1/functions/api","httpsTrigger":{},"status":"ACTIVE","entryPoint":"api","timeout":"60s","availableMemoryMb":256,"serviceAccountEmail":"project-ideas-social-app-31874@appspot.gserviceaccount.com","updateTime":"2021-04-20T01:20:42.090Z","versionId":"3","labels":{"deployment-tool":"cli-firebase"},"sourceUploadUrl":"https://storage.googleapis.com/gcf-upload-us-central1-4a9109b7-a6bc-475c-b43d-92c88fa14757/f982bcd1-5215-4fe1-885b-ca5da3fd1724.zip?GoogleAccessId=service-547801553785@gcf-admin-robot.iam.gserviceaccount.com&Expires=1619877611&Signature=Krts%2F06aX1bi9Dlyk%2FFc9KFUyapPa1l1ppc14bWeKHC5R8Fa8OWs1vlFikB7eNI3%2Ba3WTryNAXpyftvJxfcskwcVt4Ld5fSyEY%2FUaYESSEfY1dVZqPnCYy43GfkQQMSq3ozNeZVlui9pM%2B0pS87IxzWGSUDucE7Brgek2hEdg1m%2BquMe9ybIN7o53fouWEgUhO6UTuOF%2Bbk9PgoM%2F58eMFDTFlR7J3ruyZQo2kPAE7kkQRJTe5rwhkZVfTqG9a%2Bz6ARvWhjAvK8DXpRd0TO70q7Qjhlo8OV3x5ZWwwbB5F%2Bdf9BxfXT9uLCWh1fIdS9HJqouLvd%2BKs8vse7q5rk0Ng%3D%3D","environmentVariables":{"FIREBASE_CONFIG":"{\"projectId\":\"project-ideas-social-app-31874\",\"storageBucket\":\"project-ideas-social-app-31874.appspot.com\",\"locationId\":\"us-central\"}"},"runtime":"nodejs12","ingressSettings":"ALLOW_ALL","buildId":"78b38727-0ede-4036-9a34-80aded4197c1"},"versionId":"4","updateTime":"2021-05-01T13:30:18Z","buildId":"058c5aaa-cbbe-4e65-bbdf-7a4f02b0ac33"}}
[debug] [2021-05-01T13:30:52.202Z] [update-projects/project-ideas-social-app-31874/locations/us-central1/functions/api] Retrying task index 0
[debug] [2021-05-01T13:30:52.202Z] >>> [apiv2][query] GET https://cloudfunctions.googleapis.com/v1/operations/cHJvamVjdC1pZGVhcy1zb2NpYWwtYXBwLTMxODc0L3VzLWNlbnRyYWwxL2FwaS9ZUml6N3h6aVF3MA [none]
[debug] [2021-05-01T13:30:52.531Z] <<< [apiv2][status] GET https://cloudfunctions.googleapis.com/v1/operations/cHJvamVjdC1pZGVhcy1zb2NpYWwtYXBwLTMxODc0L3VzLWNlbnRyYWwxL2FwaS9ZUml6N3h6aVF3MA 200
[debug] [2021-05-01T13:30:52.531Z] <<< [apiv2][body] GET https://cloudfunctions.googleapis.com/v1/operations/cHJvamVjdC1pZGVhcy1zb2NpYWwtYXBwLTMxODc0L3VzLWNlbnRyYWwxL2FwaS9ZUml6N3h6aVF3MA {"name":"operations/cHJvamVjdC1pZGVhcy1zb2NpYWwtYXBwLTMxODc0L3VzLWNlbnRyYWwxL2FwaS9ZUml6N3h6aVF3MA","metadata":{"@type":"type.googleapis.com/google.cloud.functions.v1.OperationMetadataV1","target":"projects/project-ideas-social-app-31874/locations/us-central1/functions/api","type":"UPDATE_FUNCTION","request":{"@type":"type.googleapis.com/google.cloud.functions.v1.CloudFunction","name":"projects/project-ideas-social-app-31874/locations/us-central1/functions/api","httpsTrigger":{},"status":"ACTIVE","entryPoint":"api","timeout":"60s","availableMemoryMb":256,"serviceAccountEmail":"project-ideas-social-app-31874@appspot.gserviceaccount.com","updateTime":"2021-04-20T01:20:42.090Z","versionId":"3","labels":{"deployment-tool":"cli-firebase"},"sourceUploadUrl":"https://storage.googleapis.com/gcf-upload-us-central1-4a9109b7-a6bc-475c-b43d-92c88fa14757/f982bcd1-5215-4fe1-885b-ca5da3fd1724.zip?GoogleAccessId=service-547801553785@gcf-admin-robot.iam.gserviceaccount.com&Expires=1619877611&Signature=Krts%2F06aX1bi9Dlyk%2FFc9KFUyapPa1l1ppc14bWeKHC5R8Fa8OWs1vlFikB7eNI3%2Ba3WTryNAXpyftvJxfcskwcVt4Ld5fSyEY%2FUaYESSEfY1dVZqPnCYy43GfkQQMSq3ozNeZVlui9pM%2B0pS87IxzWGSUDucE7Brgek2hEdg1m%2BquMe9ybIN7o53fouWEgUhO6UTuOF%2Bbk9PgoM%2F58eMFDTFlR7J3ruyZQo2kPAE7kkQRJTe5rwhkZVfTqG9a%2Bz6ARvWhjAvK8DXpRd0TO70q7Qjhlo8OV3x5ZWwwbB5F%2Bdf9BxfXT9uLCWh1fIdS9HJqouLvd%2BKs8vse7q5rk0Ng%3D%3D","environmentVariables":{"FIREBASE_CONFIG":"{\"projectId\":\"project-ideas-social-app-31874\",\"storageBucket\":\"project-ideas-social-app-31874.appspot.com\",\"locationId\":\"us-central\"}"},"runtime":"nodejs12","ingressSettings":"ALLOW_ALL","buildId":"78b38727-0ede-4036-9a34-80aded4197c1"},"versionId":"4","updateTime":"2021-05-01T13:30:18Z","buildId":"058c5aaa-cbbe-4e65-bbdf-7a4f02b0ac33"}}
[debug] [2021-05-01T13:31:24.531Z] [update-projects/project-ideas-social-app-31874/locations/us-central1/functions/api] Retrying task index 0
[debug] [2021-05-01T13:31:24.532Z] >>> [apiv2][query] GET https://cloudfunctions.googleapis.com/v1/operations/cHJvamVjdC1pZGVhcy1zb2NpYWwtYXBwLTMxODc0L3VzLWNlbnRyYWwxL2FwaS9ZUml6N3h6aVF3MA [none]
[debug] [2021-05-01T13:31:24.877Z] <<< [apiv2][status] GET https://cloudfunctions.googleapis.com/v1/operations/cHJvamVjdC1pZGVhcy1zb2NpYWwtYXBwLTMxODc0L3VzLWNlbnRyYWwxL2FwaS9ZUml6N3h6aVF3MA 200
[debug] [2021-05-01T13:31:24.877Z] <<< [apiv2][body] GET https://cloudfunctions.googleapis.com/v1/operations/cHJvamVjdC1pZGVhcy1zb2NpYWwtYXBwLTMxODc0L3VzLWNlbnRyYWwxL2FwaS9ZUml6N3h6aVF3MA {"name":"operations/cHJvamVjdC1pZGVhcy1zb2NpYWwtYXBwLTMxODc0L3VzLWNlbnRyYWwxL2FwaS9ZUml6N3h6aVF3MA","metadata":{"@type":"type.googleapis.com/google.cloud.functions.v1.OperationMetadataV1","target":"projects/project-ideas-social-app-31874/locations/us-central1/functions/api","type":"UPDATE_FUNCTION","request":{"@type":"type.googleapis.com/google.cloud.functions.v1.CloudFunction","name":"projects/project-ideas-social-app-31874/locations/us-central1/functions/api","httpsTrigger":{},"status":"ACTIVE","entryPoint":"api","timeout":"60s","availableMemoryMb":256,"serviceAccountEmail":"project-ideas-social-app-31874@appspot.gserviceaccount.com","updateTime":"2021-04-20T01:20:42.090Z","versionId":"3","labels":{"deployment-tool":"cli-firebase"},"sourceUploadUrl":"https://storage.googleapis.com/gcf-upload-us-central1-4a9109b7-a6bc-475c-b43d-92c88fa14757/f982bcd1-5215-4fe1-885b-ca5da3fd1724.zip?GoogleAccessId=service-547801553785@gcf-admin-robot.iam.gserviceaccount.com&Expires=1619877611&Signature=Krts%2F06aX1bi9Dlyk%2FFc9KFUyapPa1l1ppc14bWeKHC5R8Fa8OWs1vlFikB7eNI3%2Ba3WTryNAXpyftvJxfcskwcVt4Ld5fSyEY%2FUaYESSEfY1dVZqPnCYy43GfkQQMSq3ozNeZVlui9pM%2B0pS87IxzWGSUDucE7Brgek2hEdg1m%2BquMe9ybIN7o53fouWEgUhO6UTuOF%2Bbk9PgoM%2F58eMFDTFlR7J3ruyZQo2kPAE7kkQRJTe5rwhkZVfTqG9a%2Bz6ARvWhjAvK8DXpRd0TO70q7Qjhlo8OV3x5ZWwwbB5F%2Bdf9BxfXT9uLCWh1fIdS9HJqouLvd%2BKs8vse7q5rk0Ng%3D%3D","environmentVariables":{"FIREBASE_CONFIG":"{\"projectId\":\"project-ideas-social-app-31874\",\"storageBucket\":\"project-ideas-social-app-31874.appspot.com\",\"locationId\":\"us-central\"}"},"runtime":"nodejs12","ingressSettings":"ALLOW_ALL","buildId":"78b38727-0ede-4036-9a34-80aded4197c1"},"versionId":"4","updateTime":"2021-05-01T13:30:18Z","buildId":"058c5aaa-cbbe-4e65-bbdf-7a4f02b0ac33"}}
